# JRE version: OpenJDK Runtime Environment Zulu21.38+21-CA (21.0.5+11) (build 21.0.5+11-LTS)
# Java VM: OpenJDK 64-Bit Server VM Zulu21.38+21-CA (21.0.5+11-LTS, mixed mode, sharing, tiered, compressed oops, compressed class ptrs, g1 gc, windows-amd64)
GC Precious Log:
 CardTable entry size: 512
 Card Set container configuration: InlinePtr #cards 4 size 8 Array Of Cards #cards 32 size 80 Howl #buckets 8 coarsen threshold 7372 Howl Bitmap #cards 1024 size 144 coarsen threshold 921 Card regions per heap region 1 cards per card region 8192
 CPUs: 16 total, 16 available
 Memory: 32487M
 Large Page Support: Disabled
 NUMA Support: Disabled
 Compressed Oops: Enabled (Zero based)
 Heap Region Size: 4M
 Heap Min Capacity: 8M
 Heap Initial Capacity: 508M
 Heap Max Capacity: 8124M
 Pre-touch: Disabled
 Parallel Workers: 13
 Concurrent Workers: 3
 Concurrent Refinement Workers: 13
 Periodic GC: Disabled
Heap:
 garbage-first heap   total 520192K, used 200208K [0x0000000604400000, 0x0000000800000000)
  region size 4096K, 5 young (20480K), 5 survivors (20480K)
 Metaspace       used 15157K, committed 15552K, reserved 1114112K
  class space    used 1511K, committed 1728K, reserved 1048576K
GC Heap History (15 events):
Event: 1.986 GC heap before
{Heap before GC invocations=0 (full 0):
 garbage-first heap   total 520192K, used 24576K [0x0000000604400000, 0x0000000800000000)
  region size 4096K, 6 young (24576K), 0 survivors (0K)
 Metaspace       used 13985K, committed 14208K, reserved 1114112K
  class space    used 1417K, committed 1536K, reserved 1048576K
}
Event: 1.994 GC heap after
{Heap after GC invocations=1 (full 0):
 garbage-first heap   total 520192K, used 10968K [0x0000000604400000, 0x0000000800000000)
  region size 4096K, 1 young (4096K), 1 survivors (4096K)
 Metaspace       used 13985K, committed 14208K, reserved 1114112K
  class space    used 1417K, committed 1536K, reserved 1048576K
}
Event: 2.595 GC heap before
{Heap before GC invocations=1 (full 0):
 garbage-first heap   total 520192K, used 27352K [0x0000000604400000, 0x0000000800000000)
  region size 4096K, 6 young (24576K), 1 survivors (4096K)
 Metaspace       used 14300K, committed 14592K, reserved 1114112K
  class space    used 1450K, committed 1600K, reserved 1048576K
}
Event: 2.600 GC heap after
{Heap after GC invocations=2 (full 0):
 garbage-first heap   total 520192K, used 35168K [0x0000000604400000, 0x0000000800000000)
  region size 4096K, 1 young (4096K), 1 survivors (4096K)
 Metaspace       used 14300K, committed 14592K, reserved 1114112K
  class space    used 1450K, committed 1600K, reserved 1048576K
}
Event: 2.842 GC heap before
{Heap before GC invocations=2 (full 0):
 garbage-first heap   total 520192K, used 72032K [0x0000000604400000, 0x0000000800000000)
  region size 4096K, 11 young (45056K), 1 survivors (4096K)
 Metaspace       used 14326K, committed 14656K, reserved 1114112K
  class space    used 1450K, committed 1600K, reserved 1048576K
}
Event: 2.847 GC heap after
{Heap after GC invocations=3 (full 0):
 garbage-first heap   total 520192K, used 74928K [0x0000000604400000, 0x0000000800000000)
  region size 4096K, 2 young (8192K), 2 survivors (8192K)
 Metaspace       used 14326K, committed 14656K, reserved 1114112K
  class space    used 1450K, committed 1600K, reserved 1048576K
}
Event: 3.027 GC heap before
{Heap before GC invocations=3 (full 0):
 garbage-first heap   total 520192K, used 115888K [0x0000000604400000, 0x0000000800000000)
  region size 4096K, 13 young (53248K), 2 survivors (8192K)
 Metaspace       used 14358K, committed 14656K, reserved 1114112K
  class space    used 1450K, committed 1600K, reserved 1048576K
}
Event: 3.034 GC heap after
{Heap after GC invocations=4 (full 0):
 garbage-first heap   total 520192K, used 114192K [0x0000000604400000, 0x0000000800000000)
  region size 4096K, 2 young (8192K), 2 survivors (8192K)
 Metaspace       used 14358K, committed 14656K, reserved 1114112K
  class space    used 1450K, committed 1600K, reserved 1048576K
}
Event: 3.253 GC heap before
{Heap before GC invocations=4 (full 0):
 garbage-first heap   total 520192K, used 167440K [0x0000000604400000, 0x0000000800000000)
  region size 4096K, 16 young (65536K), 2 survivors (8192K)
 Metaspace       used 14378K, committed 14656K, reserved 1114112K
  class space    used 1450K, committed 1600K, reserved 1048576K
}
Event: 3.261 GC heap after
{Heap after GC invocations=5 (full 0):
 garbage-first heap   total 520192K, used 158048K [0x0000000604400000, 0x0000000800000000)
  region size 4096K, 2 young (8192K), 2 survivors (8192K)
 Metaspace       used 14378K, committed 14656K, reserved 1114112K
  class space    used 1450K, committed 1600K, reserved 1048576K
}
Event: 11.293 GC heap before
{Heap before GC invocations=5 (full 0):
 garbage-first heap   total 520192K, used 231776K [0x0000000604400000, 0x0000000800000000)
  region size 4096K, 20 young (81920K), 2 survivors (8192K)
 Metaspace       used 15157K, committed 15552K, reserved 1114112K
  class space    used 1511K, committed 1728K, reserved 1048576K
}
Event: 11.299 GC heap after
{Heap after GC invocations=6 (full 0):
 garbage-first heap   total 520192K, used 176700K [0x0000000604400000, 0x0000000800000000)
  region size 4096K, 3 young (12288K), 3 survivors (12288K)
 Metaspace       used 15157K, committed 15552K, reserved 1114112K
  class space    used 1511K, committed 1728K, reserved 1048576K
}
Event: 11.321 GC heap before
{Heap before GC invocations=6 (full 0):
 garbage-first heap   total 520192K, used 283196K [0x0000000604400000, 0x0000000800000000)
  region size 4096K, 29 young (118784K), 3 survivors (12288K)
 Metaspace       used 15157K, committed 15552K, reserved 1114112K
  class space    used 1511K, committed 1728K, reserved 1048576K
}
Event: 11.326 GC heap after
{Heap after GC invocations=7 (full 0):
 garbage-first heap   total 520192K, used 192018K [0x0000000604400000, 0x0000000800000000)
  region size 4096K, 3 young (12288K), 3 survivors (12288K)
 Metaspace       used 15157K, committed 15552K, reserved 1114112K
  class space    used 1511K, committed 1728K, reserved 1048576K
}
Event: 11.400 GC heap before
{Heap before GC invocations=7 (full 0):
 garbage-first heap   total 520192K, used 450066K [0x0000000604400000, 0x0000000800000000)
  region size 4096K, 66 young (270336K), 3 survivors (12288K)
 Metaspace       used 15157K, committed 15552K, reserved 1114112K
  class space    used 1511K, committed 1728K, reserved 1048576K
}

