# JRE version: OpenJDK Runtime Environment Zulu21.38+21-CA (21.0.5+11) (build 21.0.5+11-LTS)
# Java VM: OpenJDK 64-Bit Server VM Zulu21.38+21-CA (21.0.5+11-LTS, mixed mode, sharing, tiered, compressed oops, compressed class ptrs, g1 gc, windows-amd64)
GC Precious Log:
 CardTable entry size: 512
 Card Set container configuration: InlinePtr #cards 4 size 8 Array Of Cards #cards 32 size 80 Howl #buckets 8 coarsen threshold 7372 Howl Bitmap #cards 1024 size 144 coarsen threshold 921 Card regions per heap region 1 cards per card region 8192
 CPUs: 16 total, 16 available
 Memory: 32487M
 Large Page Support: Disabled
 NUMA Support: Disabled
 Compressed Oops: Enabled (Zero based)
 Heap Region Size: 4M
 Heap Min Capacity: 8M
 Heap Initial Capacity: 508M
 Heap Max Capacity: 8124M
 Pre-touch: Disabled
 Parallel Workers: 13
 Concurrent Workers: 3
 Concurrent Refinement Workers: 13
 Periodic GC: Disabled
Heap:
 garbage-first heap   total 520192K, used 194916K [0x0000000604400000, 0x0000000800000000)
  region size 4096K, 1 young (4096K), 1 survivors (4096K)
 Metaspace       used 15325K, committed 15744K, reserved 1114112K
  class space    used 1511K, committed 1728K, reserved 1048576K
GC Heap History (15 events):
Event: 1.426 GC heap before
{Heap before GC invocations=0 (full 0):
 garbage-first heap   total 520192K, used 24576K [0x0000000604400000, 0x0000000800000000)
  region size 4096K, 6 young (24576K), 0 survivors (0K)
 Metaspace       used 13871K, committed 14144K, reserved 1114112K
  class space    used 1412K, committed 1536K, reserved 1048576K
}
Event: 1.434 GC heap after
{Heap after GC invocations=1 (full 0):
 garbage-first heap   total 520192K, used 11106K [0x0000000604400000, 0x0000000800000000)
  region size 4096K, 1 young (4096K), 1 survivors (4096K)
 Metaspace       used 13871K, committed 14144K, reserved 1114112K
  class space    used 1412K, committed 1536K, reserved 1048576K
}
Event: 2.997 GC heap before
{Heap before GC invocations=1 (full 0):
 garbage-first heap   total 520192K, used 27490K [0x0000000604400000, 0x0000000800000000)
  region size 4096K, 6 young (24576K), 1 survivors (4096K)
 Metaspace       used 14302K, committed 14592K, reserved 1114112K
  class space    used 1449K, committed 1600K, reserved 1048576K
}
Event: 3.002 GC heap after
{Heap after GC invocations=2 (full 0):
 garbage-first heap   total 520192K, used 36368K [0x0000000604400000, 0x0000000800000000)
  region size 4096K, 1 young (4096K), 1 survivors (4096K)
 Metaspace       used 14302K, committed 14592K, reserved 1114112K
  class space    used 1449K, committed 1600K, reserved 1048576K
}
Event: 3.242 GC heap before
{Heap before GC invocations=2 (full 0):
 garbage-first heap   total 520192K, used 73232K [0x0000000604400000, 0x0000000800000000)
  region size 4096K, 11 young (45056K), 1 survivors (4096K)
 Metaspace       used 14330K, committed 14656K, reserved 1114112K
  class space    used 1449K, committed 1600K, reserved 1048576K
}
Event: 3.248 GC heap after
{Heap after GC invocations=3 (full 0):
 garbage-first heap   total 520192K, used 76128K [0x0000000604400000, 0x0000000800000000)
  region size 4096K, 2 young (8192K), 2 survivors (8192K)
 Metaspace       used 14330K, committed 14656K, reserved 1114112K
  class space    used 1449K, committed 1600K, reserved 1048576K
}
Event: 3.461 GC heap before
{Heap before GC invocations=3 (full 0):
 garbage-first heap   total 520192K, used 117088K [0x0000000604400000, 0x0000000800000000)
  region size 4096K, 13 young (53248K), 2 survivors (8192K)
 Metaspace       used 14363K, committed 14656K, reserved 1114112K
  class space    used 1449K, committed 1600K, reserved 1048576K
}
Event: 3.469 GC heap after
{Heap after GC invocations=4 (full 0):
 garbage-first heap   total 520192K, used 114192K [0x0000000604400000, 0x0000000800000000)
  region size 4096K, 2 young (8192K), 2 survivors (8192K)
 Metaspace       used 14363K, committed 14656K, reserved 1114112K
  class space    used 1449K, committed 1600K, reserved 1048576K
}
Event: 3.691 GC heap before
{Heap before GC invocations=4 (full 0):
 garbage-first heap   total 520192K, used 167440K [0x0000000604400000, 0x0000000800000000)
  region size 4096K, 16 young (65536K), 2 survivors (8192K)
 Metaspace       used 14394K, committed 14720K, reserved 1114112K
  class space    used 1449K, committed 1600K, reserved 1048576K
}
Event: 3.700 GC heap after
{Heap after GC invocations=5 (full 0):
 garbage-first heap   total 520192K, used 162144K [0x0000000604400000, 0x0000000800000000)
  region size 4096K, 2 young (8192K), 2 survivors (8192K)
 Metaspace       used 14394K, committed 14720K, reserved 1114112K
  class space    used 1449K, committed 1600K, reserved 1048576K
}
Event: 20.095 GC heap before
{Heap before GC invocations=5 (full 0):
 garbage-first heap   total 520192K, used 235872K [0x0000000604400000, 0x0000000800000000)
  region size 4096K, 20 young (81920K), 2 survivors (8192K)
 Metaspace       used 15325K, committed 15744K, reserved 1114112K
  class space    used 1511K, committed 1728K, reserved 1048576K
}
Event: 20.101 GC heap after
{Heap after GC invocations=6 (full 0):
 garbage-first heap   total 520192K, used 180280K [0x0000000604400000, 0x0000000800000000)
  region size 4096K, 3 young (12288K), 3 survivors (12288K)
 Metaspace       used 15325K, committed 15744K, reserved 1114112K
  class space    used 1511K, committed 1728K, reserved 1048576K
}
Event: 20.124 GC heap before
{Heap before GC invocations=6 (full 0):
 garbage-first heap   total 520192K, used 286776K [0x0000000604400000, 0x0000000800000000)
  region size 4096K, 29 young (118784K), 3 survivors (12288K)
 Metaspace       used 15325K, committed 15744K, reserved 1114112K
  class space    used 1511K, committed 1728K, reserved 1048576K
}
Event: 20.130 GC heap after
{Heap after GC invocations=7 (full 0):
 garbage-first heap   total 520192K, used 194928K [0x0000000604400000, 0x0000000800000000)
  region size 4096K, 1 young (4096K), 1 survivors (4096K)
 Metaspace       used 15325K, committed 15744K, reserved 1114112K
  class space    used 1511K, committed 1728K, reserved 1048576K
}
Event: 20.209 GC heap before
{Heap before GC invocations=7 (full 0):
 garbage-first heap   total 520192K, used 448880K [0x0000000604400000, 0x0000000800000000)
  region size 4096K, 63 young (258048K), 1 survivors (4096K)
 Metaspace       used 15325K, committed 15744K, reserved 1114112K
  class space    used 1511K, committed 1728K, reserved 1048576K
}

