# JRE version: OpenJDK Runtime Environment Corretto-19.0.2.7.1 (19.0.2+7) (build 19.0.2+7-FR)
# Java VM: OpenJDK 64-Bit Server VM Corretto-19.0.2.7.1 (19.0.2+7-FR, mixed mode, sharing, tiered, compressed oops, compressed class ptrs, g1 gc, windows-amd64)
GC Precious Log:
 CardTable entry size: 512
 Card Set container configuration: InlinePtr #cards 5 size 8 Array Of Cards #cards 12 size 40 Howl #buckets 4 coarsen threshold 1843 Howl Bitmap #cards 512 size 80 coarsen threshold 460 Card regions per heap region 1 cards per card region 2048
 CPUs: 16 total, 16 available
 Memory: 32487M
 Large Page Support: Disabled
 NUMA Support: Disabled
 Compressed Oops: Enabled (32-bit)
 Heap Region Size: 1M
 Heap Min Capacity: 256M
 Heap Initial Capacity: 256M
 Heap Max Capacity: 512M
 Pre-touch: Disabled
 Parallel Workers: 13
 Concurrent Workers: 3
 Concurrent Refinement Workers: 13
 Periodic GC: Disabled
Heap:
 garbage-first heap   total 262144K, used 107756K [0x00000000e0000000, 0x0000000100000000)
  region size 1024K, 62 young (63488K), 5 survivors (5120K)
 Metaspace       used 64734K, committed 66432K, reserved 380928K
  class space    used 8779K, committed 9664K, reserved 315392K
GC Heap History (18 events):
Event: 1.079 GC heap before
{Heap before GC invocations=0 (full 0):
 garbage-first heap   total 262144K, used 26624K [0x00000000e0000000, 0x0000000100000000)
  region size 1024K, 23 young (23552K), 0 survivors (0K)
 Metaspace       used 3210K, committed 3328K, reserved 380928K
  class space    used 389K, committed 448K, reserved 315392K
}
Event: 1.088 GC heap after
{Heap after GC invocations=1 (full 0):
 garbage-first heap   total 262144K, used 10257K [0x00000000e0000000, 0x0000000100000000)
  region size 1024K, 3 young (3072K), 3 survivors (3072K)
 Metaspace       used 3210K, committed 3328K, reserved 380928K
  class space    used 389K, committed 448K, reserved 315392K
}
Event: 1.726 GC heap before
{Heap before GC invocations=1 (full 0):
 garbage-first heap   total 262144K, used 39953K [0x00000000e0000000, 0x0000000100000000)
  region size 1024K, 31 young (31744K), 3 survivors (3072K)
 Metaspace       used 4156K, committed 4352K, reserved 380928K
  class space    used 483K, committed 576K, reserved 315392K
}
Event: 1.732 GC heap after
{Heap after GC invocations=2 (full 0):
 garbage-first heap   total 262144K, used 13139K [0x00000000e0000000, 0x0000000100000000)
  region size 1024K, 3 young (3072K), 3 survivors (3072K)
 Metaspace       used 4156K, committed 4352K, reserved 380928K
  class space    used 483K, committed 576K, reserved 315392K
}
Event: 4.686 GC heap before
{Heap before GC invocations=2 (full 0):
 garbage-first heap   total 262144K, used 114515K [0x00000000e0000000, 0x0000000100000000)
  region size 1024K, 103 young (105472K), 3 survivors (3072K)
 Metaspace       used 20828K, committed 21504K, reserved 380928K
  class space    used 3009K, committed 3392K, reserved 315392K
}
Event: 4.695 GC heap after
{Heap after GC invocations=3 (full 0):
 garbage-first heap   total 262144K, used 22181K [0x00000000e0000000, 0x0000000100000000)
  region size 1024K, 12 young (12288K), 12 survivors (12288K)
 Metaspace       used 20828K, committed 21504K, reserved 380928K
  class space    used 3009K, committed 3392K, reserved 315392K
}
Event: 6.636 GC heap before
{Heap before GC invocations=4 (full 0):
 garbage-first heap   total 262144K, used 129701K [0x00000000e0000000, 0x0000000100000000)
  region size 1024K, 114 young (116736K), 12 survivors (12288K)
 Metaspace       used 34783K, committed 35968K, reserved 380928K
  class space    used 4746K, committed 5376K, reserved 315392K
}
Event: 6.646 GC heap after
{Heap after GC invocations=5 (full 0):
 garbage-first heap   total 262144K, used 30747K [0x00000000e0000000, 0x0000000100000000)
  region size 1024K, 9 young (9216K), 9 survivors (9216K)
 Metaspace       used 34783K, committed 35968K, reserved 380928K
  class space    used 4746K, committed 5376K, reserved 315392K
}
Event: 6.709 GC heap before
{Heap before GC invocations=5 (full 0):
 garbage-first heap   total 262144K, used 33819K [0x00000000e0000000, 0x0000000100000000)
  region size 1024K, 12 young (12288K), 9 survivors (9216K)
 Metaspace       used 34954K, committed 36096K, reserved 380928K
  class space    used 4764K, committed 5376K, reserved 315392K
}
Event: 6.718 GC heap after
{Heap after GC invocations=6 (full 0):
 garbage-first heap   total 262144K, used 31130K [0x00000000e0000000, 0x0000000100000000)
  region size 1024K, 2 young (2048K), 2 survivors (2048K)
 Metaspace       used 34954K, committed 36096K, reserved 380928K
  class space    used 4764K, committed 5376K, reserved 315392K
}
Event: 6.765 GC heap before
{Heap before GC invocations=6 (full 0):
 garbage-first heap   total 262144K, used 33178K [0x00000000e0000000, 0x0000000100000000)
  region size 1024K, 5 young (5120K), 2 survivors (2048K)
 Metaspace       used 35115K, committed 36288K, reserved 380928K
  class space    used 4788K, committed 5440K, reserved 315392K
}
Event: 6.767 GC heap after
{Heap after GC invocations=7 (full 0):
 garbage-first heap   total 262144K, used 30838K [0x00000000e0000000, 0x0000000100000000)
  region size 1024K, 2 young (2048K), 2 survivors (2048K)
 Metaspace       used 35115K, committed 36288K, reserved 380928K
  class space    used 4788K, committed 5440K, reserved 315392K
}
Event: 9.612 GC heap before
{Heap before GC invocations=8 (full 0):
 garbage-first heap   total 262144K, used 176246K [0x00000000e0000000, 0x0000000100000000)
  region size 1024K, 141 young (144384K), 2 survivors (2048K)
 Metaspace       used 53957K, committed 55552K, reserved 380928K
  class space    used 7404K, committed 8256K, reserved 315392K
}
Event: 9.621 GC heap after
{Heap after GC invocations=9 (full 0):
 garbage-first heap   total 262144K, used 39201K [0x00000000e0000000, 0x0000000100000000)
  region size 1024K, 10 young (10240K), 10 survivors (10240K)
 Metaspace       used 53957K, committed 55552K, reserved 380928K
  class space    used 7404K, committed 8256K, reserved 315392K
}
Event: 9.649 GC heap before
{Heap before GC invocations=9 (full 0):
 garbage-first heap   total 262144K, used 41249K [0x00000000e0000000, 0x0000000100000000)
  region size 1024K, 12 young (12288K), 10 survivors (10240K)
 Metaspace       used 54112K, committed 55680K, reserved 380928K
  class space    used 7422K, committed 8256K, reserved 315392K
}
Event: 9.657 GC heap after
{Heap after GC invocations=10 (full 0):
 garbage-first heap   total 262144K, used 40170K [0x00000000e0000000, 0x0000000100000000)
  region size 1024K, 2 young (2048K), 2 survivors (2048K)
 Metaspace       used 54112K, committed 55680K, reserved 380928K
  class space    used 7422K, committed 8256K, reserved 315392K
}
Event: 10.754 GC heap before
{Heap before GC invocations=10 (full 0):
 garbage-first heap   total 262144K, used 96490K [0x00000000e0000000, 0x0000000100000000)
  region size 1024K, 52 young (53248K), 2 survivors (2048K)
 Metaspace       used 59411K, committed 61056K, reserved 380928K
  class space    used 8069K, committed 8896K, reserved 315392K
}
Event: 10.759 GC heap after
{Heap after GC invocations=11 (full 0):
 garbage-first heap   total 262144K, used 50412K [0x00000000e0000000, 0x0000000100000000)
  region size 1024K, 5 young (5120K), 5 survivors (5120K)
 Metaspace       used 59411K, committed 61056K, reserved 380928K
  class space    used 8069K, committed 8896K, reserved 315392K
}

